<?xml version="1.0" encoding="utf-8"?><testsuites><testsuite name="pytest" errors="0" failures="0" skipped="0" tests="3" time="1.864" timestamp="2024-04-11T14:56:26.555628" hostname="571f60ae702d"><testcase classname="tests.test_prediction" name="test_single_pred_not_none" time="0.068" /><testcase classname="tests.test_prediction" name="test_single_pred_str_type" time="0.062" /><testcase classname="tests.test_prediction" name="test_single_pred_validate" time="0.081" /></testsuite></testsuites>